<?xml version="1.0" encoding="UTF-8"?>
<testsuite name="CinemaTests" tests="1" skipped="0" failures="0" errors="0" timestamp="2026-06-25T13:42:34.359Z" hostname="DESKTOP-50C1I03" time="1.853">
  <properties/>
  <testcase name="start" classname="CinemaTests" time="1.853"/>
  <system-out><![CDATA[?[1;31m
Start test 1?[0m
?[0;34m
?[0m?[0;34m  .   ____          _            __ _ _
?[0m?[0;34m /\\ / ___'_ __ _ _(_)_ __  __ _ \ \ \ \
?[0m?[0;34m( ( )\___ | '_ | '_| | '_ \/ _` | \ \ \ \
?[0m?[0;34m \\/  ___)| |_)| | | | | || (_| |  ) ) ) )
?[0m?[0;34m  '  |____| .__|_| |_|_| |_\__, | / / / /
?[0m?[0;34m =========|_|==============|___/=/_/_/_/
?[0m?[0;34m
?[0m?[0;34m :: Spring Boot ::                (v3.5.9)
?[0m?[0;34m
?[0m?[0;34m2026-06-25T15:42:34.739+02:00  INFO 19564 --- [    Test worker] cinema.Main                              : Starting Main using Java 23.0.2 with PID 19564 (started by Jakub in C:\Users\Jakub\IdeaProjects\Cinema Room REST Service with Java\Cinema Room REST Service with Java\task)
?[0m?[0;34m2026-06-25T15:42:34.741+02:00  INFO 19564 --- [    Test worker] cinema.Main                              : No active profile set, falling back to 1 default profile: "default"
?[0m?[0;34m2026-06-25T15:42:35.370+02:00  INFO 19564 --- [    Test worker] o.s.b.w.embedded.tomcat.TomcatWebServer  : Tomcat initialized with port 28852 (http)
?[0m?[0;34m2026-06-25T15:42:35.377+02:00  INFO 19564 --- [    Test worker] o.apache.catalina.core.StandardService   : Starting service [Tomcat]
?[0m?[0;34m2026-06-25T15:42:35.377+02:00  INFO 19564 --- [    Test worker] o.apache.catalina.core.StandardEngine    : Starting Servlet engine: [Apache Tomcat/10.1.50]
?[0m?[0;34m2026-06-25T15:42:35.401+02:00  INFO 19564 --- [    Test worker] o.a.c.c.C.[Tomcat].[localhost].[/]       : Initializing Spring embedded WebApplicationContext
?[0m?[0;34m2026-06-25T15:42:35.401+02:00  INFO 19564 --- [    Test worker] w.s.c.ServletWebServerApplicationContext : Root WebApplicationContext: initialization completed in 630 ms
?[0m?[0;34m2026-06-25T15:42:35.752+02:00  INFO 19564 --- [    Test worker] o.s.b.a.e.web.EndpointLinksResolver      : Exposing 14 endpoints beneath base path '/actuator'
?[0m?[0;34m2026-06-25T15:42:35.808+02:00  INFO 19564 --- [    Test worker] o.s.b.w.embedded.tomcat.TomcatWebServer  : Tomcat started on port 28852 (http) with context path '/'
?[0m?[0;34m2026-06-25T15:42:35.815+02:00  INFO 19564 --- [    Test worker] cinema.Main                              : Started Main in 1.294 seconds (process running for 1.753)
?[0;34m2026-06-25T15:42:35.996+02:00  INFO 19564 --- [io-28852-exec-1] o.a.c.c.C.[Tomcat].[localhost].[/]       : Initializing Spring DispatcherServlet 'dispatcherServlet'
?[0m?[0;34m2026-06-25T15:42:35.996+02:00  INFO 19564 --- [io-28852-exec-1] o.s.web.servlet.DispatcherServlet        : Initializing Servlet 'dispatcherServlet'
?[0m?[0;34m2026-06-25T15:42:35.996+02:00  INFO 19564 --- [io-28852-exec-1] o.s.web.servlet.DispatcherServlet        : Completed initialization in 0 ms
?[0m?[1;31m
Start test 2?[0m
?[1;31m
Start test 3?[0m
?[1;31m
Start test 4?[0m
?[1;31m
Start test 5?[0m
?[1;31m
Start test 6?[0m
?[1;31m
Start test 7?[0m
?[1;31m
Start test 8?[0m
?[1;31m
Start test 9?[0m
?[1;31m
Start test 10?[0m
?[1;31m
Start test 11?[0m
?[1;31m
Start test 12?[0m
?[1;31m
Start test 13?[0m
?[1;31m
Start test 14?[0m
]]></system-out>
  <system-err><![CDATA[]]></system-err>
</testsuite>
